<?xml version="1.0" encoding="UTF-8"?>
<!-- Generated by org.testng.reporters.JUnitReportReporter -->
<testsuite hostname="Prashant" failures="0" tests="5" name="tests.RadioButtonTest" time="3.737" errors="0" timestamp="2024-10-14T16:40:36 IST" skipped="0">
  <testcase classname="tests.RadioButtonTest" name="clickOnElement" time="0.129"/>
  <system-out/>
  <testcase classname="tests.RadioButtonTest" name="clickOnRadio" time="3.123"/>
  <system-out/>
  <testcase classname="tests.RadioButtonTest" name="impressive" time="0.193"/>
  <system-out/>
  <testcase classname="tests.RadioButtonTest" name="yes" time="0.157"/>
  <system-out/>
  <testcase classname="tests.RadioButtonTest" name="no" time="0.135"/>
  <system-out/>
</testsuite> <!-- tests.RadioButtonTest -->
