<?xml version="1.0" encoding="UTF-8"?>
<!-- Generated by org.testng.reporters.JUnitReportReporter -->
<testsuite hostname="Prashant" failures="0" tests="6" name="tests.WebTablesTest" time="8.242" errors="0" timestamp="2024-10-26T21:48:26 IST" skipped="0">
  <testcase classname="tests.WebTablesTest" name="clickOnElement" time="0.258"/>
  <system-out/>
  <testcase classname="tests.WebTablesTest" name="clickOnWebtables" time="0.234"/>
  <system-out/>
  <testcase classname="tests.WebTablesTest" name="fillDetail" time="2.874"/>
  <system-out/>
  <testcase classname="tests.WebTablesTest" name="validateDetails" time="1.602"/>
  <system-out/>
  <testcase classname="tests.WebTablesTest" name="updateDetails" time="2.269"/>
  <system-out/>
  <testcase classname="tests.WebTablesTest" name="updateValidate" time="1.005"/>
  <system-out/>
</testsuite> <!-- tests.WebTablesTest -->
