<?xml version="1.0" encoding="UTF-8"?>
<!-- Generated by org.testng.reporters.JUnitReportReporter -->
<testsuite hostname="Prashant" failures="0" tests="4" name="tests.FileUploadTest" time="4.848" errors="0" timestamp="2024-11-05T21:46:03 IST" skipped="0">
  <testcase classname="tests.FileUploadTest" name="clickOnElement" time="0.246"/>
  <system-out/>
  <testcase classname="tests.FileUploadTest" name="upanddownload" time="0.207"/>
  <system-out/>
  <testcase classname="tests.FileUploadTest" name="chooseOne" time="0.232"/>
  <system-out/>
  <testcase classname="tests.FileUploadTest" name="fileupload" time="4.163"/>
  <system-out/>
</testsuite> <!-- tests.FileUploadTest -->
