<?xml version="1.0" encoding="UTF-8"?>
<!-- Generated by org.testng.reporters.JUnitReportReporter -->
<testsuite hostname="Prashant" failures="0" tests="4" name="tests.FrameTest" time="1.180" errors="0" timestamp="2024-10-27T09:24:22 IST" skipped="0">
  <testcase classname="tests.FrameTest" name="alertFrameWindow" time="0.222"/>
  <system-out/>
  <testcase classname="tests.FrameTest" name="frameFold" time="0.777"/>
  <system-out/>
  <testcase classname="tests.FrameTest" name="frameI" time="0.101"/>
  <system-out/>
  <testcase classname="tests.FrameTest" name="frameII" time="0.080"/>
  <system-out/>
</testsuite> <!-- tests.FrameTest -->
