<?xml version="1.0" encoding="UTF-8"?>
<!-- Generated by org.testng.reporters.JUnitReportReporter -->
<testsuite hostname="Prashant" failures="0" tests="4" name="tests.MenuTest" time="2.312" errors="0" timestamp="2024-11-12T12:53:14 IST" skipped="0">
  <testcase classname="tests.MenuTest" name="clickOnWidget" time="0.333"/>
  <system-out/>
  <testcase classname="tests.MenuTest" name="clickOnMenuHover" time="0.746"/>
  <system-out/>
  <testcase classname="tests.MenuTest" name="clickOnService" time="1.013"/>
  <system-out/>
  <testcase classname="tests.MenuTest" name="clickOnBlogHover" time="0.220"/>
  <system-out/>
</testsuite> <!-- tests.MenuTest -->
