<?xml version="1.0" encoding="UTF-8"?>
<!-- Generated by org.testng.reporters.JUnitReportReporter -->
<testsuite hostname="Prashant" failures="0" tests="5" name="tests.CheckBoxTest" time="1.915" errors="0" timestamp="2024-11-06T21:39:43 IST" skipped="0">
  <testcase classname="tests.CheckBoxTest" name="clickOnElement" time="0.493"/>
  <system-out/>
  <testcase classname="tests.CheckBoxTest" name="clickOnCheckBox" time="0.345"/>
  <system-out/>
  <testcase classname="tests.CheckBoxTest" name="clickOnMobileBox" time="0.430"/>
  <system-out/>
  <testcase classname="tests.CheckBoxTest" name="clickOnLaptop" time="0.315"/>
  <system-out/>
  <testcase classname="tests.CheckBoxTest" name="clickOnDesktop" time="0.332"/>
  <system-out/>
</testsuite> <!-- tests.CheckBoxTest -->
