<?xml version="1.0" encoding="UTF-8"?>
<!-- Generated by org.testng.reporters.JUnitReportReporter -->
<testsuite hostname="Prashant" failures="0" tests="4" name="tests.DynamicPropertiesTest" time="11.559" errors="0" timestamp="2024-11-10T12:58:12 IST" skipped="0">
  <testcase classname="tests.DynamicPropertiesTest" name="clickOnElement" time="0.396"/>
  <system-out/>
  <testcase classname="tests.DynamicPropertiesTest" name="clickOnDynaprop" time="0.452"/>
  <system-out/>
  <testcase classname="tests.DynamicPropertiesTest" name="waitfor5sec" time="5.354"/>
  <system-out/>
  <testcase classname="tests.DynamicPropertiesTest" name="visible" time="5.357"/>
  <system-out/>
</testsuite> <!-- tests.DynamicPropertiesTest -->
