<?xml version="1.0" encoding="UTF-8"?>
<!-- Generated by org.testng.reporters.JUnitReportReporter -->
<testsuite hostname="Prashant" failures="0" tests="4" name="tests.LinksTest" time="5.200" errors="0" timestamp="2024-10-29T16:27:48 IST" skipped="0">
  <testcase classname="tests.LinksTest" name="clickOnElement" time="0.193"/>
  <system-out/>
  <testcase classname="tests.LinksTest" name="clickOnLinks" time="0.749"/>
  <system-out/>
  <testcase classname="tests.LinksTest" name="clickOnDemo" time="1.889"/>
  <system-out/>
  <testcase classname="tests.LinksTest" name="validate" time="2.369"/>
  <system-out/>
</testsuite> <!-- tests.LinksTest -->
