<?xml version="1.0" encoding="UTF-8"?>
<!-- Generated by org.testng.reporters.JUnitReportReporter -->
<testsuite hostname="Prashant" failures="0" tests="3" name="tests.NestedFrameTest" time="1.511" errors="0" timestamp="2024-10-27T10:22:06 IST" skipped="0">
  <testcase classname="tests.NestedFrameTest" name="alertFrameWindow" time="0.329"/>
  <system-out/>
  <testcase classname="tests.NestedFrameTest" name="nestedFold" time="0.838"/>
  <system-out/>
  <testcase classname="tests.NestedFrameTest" name="nestedFrame" time="0.344"/>
  <system-out/>
</testsuite> <!-- tests.NestedFrameTest -->
