<?xml version="1.0" encoding="UTF-8"?>
<!-- Generated by org.testng.reporters.JUnitReportReporter -->
<testsuite hostname="Prashant" failures="0" tests="6" name="tests.AlertTest" time="19.241" errors="0" timestamp="2024-10-26T21:54:17 IST" skipped="0">
  <testcase classname="tests.AlertTest" name="alertFrameWindow" time="0.319"/>
  <system-out/>
  <testcase classname="tests.AlertTest" name="alert" time="0.811"/>
  <system-out/>
  <testcase classname="tests.AlertTest" name="clickToSee" time="2.210"/>
  <system-out/>
  <testcase classname="tests.AlertTest" name="clickSec" time="7.251"/>
  <system-out/>
  <testcase classname="tests.AlertTest" name="confirmBox" time="4.338"/>
  <system-out/>
  <testcase classname="tests.AlertTest" name="myPromptBox" time="4.312"/>
  <system-out/>
</testsuite> <!-- tests.AlertTest -->
