<?xml version="1.0" encoding="UTF-8"?>
<!-- Generated by org.testng.reporters.JUnitReportReporter -->
<testsuite hostname="Prashant" failures="0" tests="4" name="tests.ToolTipTest" time="1.373" errors="0" timestamp="2024-11-13T12:59:10 IST" skipped="0">
  <testcase classname="tests.ToolTipTest" name="clickOnWidget" time="0.582"/>
  <system-out/>
  <testcase classname="tests.ToolTipTest" name="clickOnToolTip" time="0.360"/>
  <system-out/>
  <testcase classname="tests.ToolTipTest" name="hoverButton" time="0.199"/>
  <system-out/>
  <testcase classname="tests.ToolTipTest" name="hoverInput" time="0.232"/>
  <system-out/>
</testsuite> <!-- tests.ToolTipTest -->
