<?xml version="1.0" encoding="UTF-8"?>
<!-- Generated by org.testng.reporters.JUnitReportReporter -->
<testsuite hostname="Prashant" failures="0" tests="5" name="tests.BrowserWindosTest" time="7.276" errors="0" timestamp="2024-11-02T16:15:16 IST" skipped="0">
  <testcase classname="tests.BrowserWindosTest" name="alertFrameWindow" time="0.222"/>
  <system-out/>
  <testcase classname="tests.BrowserWindosTest" name="browserWindow" time="0.231"/>
  <system-out/>
  <testcase classname="tests.BrowserWindosTest" name="clickOnNewTab" time="2.261"/>
  <system-out/>
  <testcase classname="tests.BrowserWindosTest" name="clickOnNewWindow" time="2.277"/>
  <system-out/>
  <testcase classname="tests.BrowserWindosTest" name="clickNewWindowMessage" time="2.285"/>
  <system-out/>
</testsuite> <!-- tests.BrowserWindosTest -->
