<?xml version="1.0" encoding="UTF-8"?>
<!-- Generated by org.testng.reporters.JUnitReportReporter -->
<testsuite hostname="Prashant" failures="0" tests="3" name="tests.SortableTest" time="2.147" errors="0" timestamp="2024-11-13T12:27:55 IST" skipped="0">
  <testcase classname="tests.SortableTest" name="clickOnInteractions" time="0.395"/>
  <system-out/>
  <testcase classname="tests.SortableTest" name="clickOnSortable" time="0.449"/>
  <system-out/>
  <testcase classname="tests.SortableTest" name="sorting" time="1.303"/>
  <system-out/>
</testsuite> <!-- tests.SortableTest -->
