<?xml version="1.0" encoding="UTF-8"?>
<!-- Generated by org.testng.reporters.JUnitReportReporter -->
<testsuite hostname="Prashant" failures="0" tests="5" name="tests.ButtonTest" time="2.964" errors="0" timestamp="2024-10-14T16:39:04 IST" skipped="0">
  <testcase classname="tests.ButtonTest" name="clickOnElements" time="0.117"/>
  <system-out/>
  <testcase classname="tests.ButtonTest" name="button" time="2.112"/>
  <system-out/>
  <testcase classname="tests.ButtonTest" name="clickOnDouble" time="0.272"/>
  <system-out/>
  <testcase classname="tests.ButtonTest" name="clickOnClick" time="0.221"/>
  <system-out/>
  <testcase classname="tests.ButtonTest" name="clickOnRight" time="0.242"/>
  <system-out/>
</testsuite> <!-- tests.ButtonTest -->
